Evolutie.out

Populatia initiala
	1: 111010011111010011010 x= 0.91657 f= 2.07647
	2: 011001010011011011111 x= -0.170849 f= 1.79996
	3: 110000011100011011100 x= 0.58742 f= 2.24236
	4: 111111110000111001011 x= 1.08942 f= 1.90259
	5: 110110100111100010000 x= 0.789712 f= 2.16607
	6: 011011001101000101001 x= -0.108567 f= 1.87965
	7: 100000110111001100011 x= 0.076835 f= 2.07093
	8: 111110101011001011101 x= 1.05373 f= 1.94339
	9: 110100111111111111000 x= 0.736696 f= 2.19398
	10: 001101000011000110001 x= -0.572431 f= 1.09989
	11: 010011001000010110110 x= -0.37313 f= 1.48764
	12: 011111010110101011101 x= 0.027421 f= 2.02667
	13: 000001100111011111011 x= -0.947013 f= 0.156153
	14: 001101011011010111101 x= -0.560003 f= 1.12639
	15: 110110011011010011010 x= 0.78345 f= 2.16966
	16: 110001011111101100000 x= 0.621856 f= 2.23515
	17: 111100000110010111011 x= 0.969339 f= 2.02972
	18: 001110101101001000111 x= -0.518137 f= 1.2134
	19: 001110011111100010110 x= -0.525098 f= 1.19917
	20: 100110010110110010110 x= 0.256854 f= 2.19088

Probabilitati selectie
	cromozom	1 probabilitate 0.0589737
	cromozom	2 probabilitate 0.0511206
	cromozom	3 probabilitate 0.063685
	cromozom	4 probabilitate 0.0540352
	cromozom	5 probabilitate 0.0615183
	cromozom	6 probabilitate 0.0533837
	cromozom	7 probabilitate 0.0588164
	cromozom	8 probabilitate 0.055194
	cromozom	9 probabilitate 0.0623109
	cromozom	10 probabilitate 0.0312379
	cromozom	11 probabilitate 0.0422505
	cromozom	12 probabilitate 0.0575593
	cromozom	13 probabilitate 0.0044349
	cromozom	14 probabilitate 0.0319906
	cromozom	15 probabilitate 0.0616203
	cromozom	16 probabilitate 0.0634804
	cromozom	17 probabilitate 0.057646
	cromozom	18 probabilitate 0.0344616
	cromozom	19 probabilitate 0.0340577
	cromozom	20 probabilitate 0.062223

Intervale probabilitati selectie
0 0.0589737 0.110094 0.173779 0.227814 0.289333 0.342717 0.401533 0.456727 0.519038 0.550276 0.592526 0.650086 0.65452 0.686511 0.748131 0.811612 0.869258 0.903719 0.937777 1 

	u= 0.884153 selectam cromozomul 18
	u= 0.294515 selectam cromozomul 6
	u= 0.212162 selectam cromozomul 4
	u= 0.123182 selectam cromozomul 3
	u= 0.800226 selectam cromozomul 16
	u= 0.152019 selectam cromozomul 3
	u= 0.416645 selectam cromozomul 8
	u= 0.930343 selectam cromozomul 19
	u= 0.215345 selectam cromozomul 4
	u= 0.284275 selectam cromozomul 5
	u= 0.559143 selectam cromozomul 11
	u= 0.0504277 selectam cromozomul 1
	u= 0.915599 selectam cromozomul 19
	u= 0.246684 selectam cromozomul 5
	u= 0.112548 selectam cromozomul 3
	u= 0.956414 selectam cromozomul 20
	u= 0.307078 selectam cromozomul 6
	u= 0.298884 selectam cromozomul 6
	u= 0.316513 selectam cromozomul 6

Dupa selectie
	1: 001110101101001000111 x= -0.518137 f= 1.2134
	2: 011011001101000101001 x= -0.108567 f= 1.87965
	3: 111111110000111001011 x= 1.08942 f= 1.90259
	4: 110000011100011011100 x= 0.58742 f= 2.24236
	5: 110001011111101100000 x= 0.621856 f= 2.23515
	6: 110000011100011011100 x= 0.58742 f= 2.24236
	7: 111110101011001011101 x= 1.05373 f= 1.94339
	8: 001110011111100010110 x= -0.525098 f= 1.19917
	9: 111111110000111001011 x= 1.08942 f= 1.90259
	10: 110110100111100010000 x= 0.789712 f= 2.16607
	11: 010011001000010110110 x= -0.37313 f= 1.48764
	12: 111010011111010011010 x= 0.91657 f= 2.07647
	13: 001110011111100010110 x= -0.525098 f= 1.19917
	14: 110110100111100010000 x= 0.789712 f= 2.16607
	15: 110000011100011011100 x= 0.58742 f= 2.24236
	16: 100110010110110010110 x= 0.256854 f= 2.19088
	17: 011011001101000101001 x= -0.108567 f= 1.87965
	18: 011011001101000101001 x= -0.108567 f= 1.87965
	19: 011011001101000101001 x= -0.108567 f= 1.87965

Probabilitatea de incrucisare: 0.25
	1: 001110101101001000111 u= 0.237113 < 0.25 participa
	2: 011011001101000101001 u= 0.317894 
	3: 111111110000111001011 u= 0.118503 < 0.25 participa
	4: 110000011100011011100 u= 0.947162 
	5: 110001011111101100000 u= 0.79414 
	6: 110000011100011011100 u= 0.47165 
	7: 111110101011001011101 u= 0.0504559 < 0.25 participa
	8: 001110011111100010110 u= 0.647758 
	9: 111111110000111001011 u= 0.864323 
	10: 110110100111100010000 u= 0.810276 
	11: 010011001000010110110 u= 0.132645 < 0.25 participa
	12: 111010011111010011010 u= 0.941426 
	13: 001110011111100010110 u= 0.92823 
	14: 110110100111100010000 u= 0.769058 
	15: 110000011100011011100 u= 0.450301 
	16: 100110010110110010110 u= 0.322885 
	17: 011011001101000101001 u= 0.771318 
	18: 011011001101000101001 u= 0.631746 
	19: 011011001101000101001 u= 0.687873 
 
Recombinare dintre cromozomul 7 cu cromozomul 1:
111110101011001011101 001110101101001000111 punct 7
Rezultat	001110101011001011101 111110101101001000111

Recombinare dintre cromozomul 11 cu cromozomul 3:
010011001000010110110 111111110000111001011 punct 5
Rezultat	111111001000010110110 010011110000111001011

Dupa recombinare:
	1: 111110101101001000111 x= 1.05473 f= 1.94228
	2: 011011001101000101001 x= -0.108567 f= 1.87965
	3: 010011110000111001011 x= -0.352373 f= 1.52346
	4: 110000011100011011100 x= 0.58742 f= 2.24236
	5: 110001011111101100000 x= 0.621856 f= 2.23515
	6: 110000011100011011100 x= 0.58742 f= 2.24236
	7: 001110101011001011101 x= -0.519139 f= 1.21136
	8: 001110011111100010110 x= -0.525098 f= 1.19917
	9: 111111110000111001011 x= 1.08942 f= 1.90259
	10: 110110100111100010000 x= 0.789712 f= 2.16607
	11: 111111001000010110110 x= 1.06866 f= 1.92662
	12: 111010011111010011010 x= 0.91657 f= 2.07647
	13: 001110011111100010110 x= -0.525098 f= 1.19917
	14: 110110100111100010000 x= 0.789712 f= 2.16607
	15: 110000011100011011100 x= 0.58742 f= 2.24236
	16: 100110010110110010110 x= 0.256854 f= 2.19088
	17: 011011001101000101001 x= -0.108567 f= 1.87965
	18: 011011001101000101001 x= -0.108567 f= 1.87965
	19: 011011001101000101001 x= -0.108567 f= 1.87965

Probabilitate de mutatie pentru fiecare gena 0.01
Au fost modificati cromozomii:
	2
	5

Dupa mutatie:
	1: 111110101101001000111 x= 1.05473 f= 1.94228
	2: 011011001101000001001 x= -0.108599 f= 1.87961
	3: 010011110000111001011 x= -0.352373 f= 1.52346
	4: 110000011100011011100 x= 0.58742 f= 2.24236
	5: 110001011110101100000 x= 0.621344 f= 2.23528
	6: 110000011100011011100 x= 0.58742 f= 2.24236
	7: 001110101011001011101 x= -0.519139 f= 1.21136
	8: 001110011111100010110 x= -0.525098 f= 1.19917
	9: 111111110000111001011 x= 1.08942 f= 1.90259
	10: 110110100111100010000 x= 0.789712 f= 2.16607
	11: 111111001000010110110 x= 1.06866 f= 1.92662
	12: 111010011111010011010 x= 0.91657 f= 2.07647
	13: 001110011111100010110 x= -0.525098 f= 1.19917
	14: 110110100111100010000 x= 0.789712 f= 2.16607
	15: 110000011100011011100 x= 0.58742 f= 2.24236
	16: 100110010110110010110 x= 0.256854 f= 2.19088
	17: 011011001101000101001 x= -0.108567 f= 1.87965
	18: 011011001101000101001 x= -0.108567 f= 1.87965
	19: 011011001101000101001 x= -0.108567 f= 1.87965

Evolutia maximului
2.2423577436
2.2423577436
2.2423577436
2.242388658951
2.242388658951
2.242512732159
2.242512732159
2.242512732159
2.242512732159
2.242512732159
2.245811968775
2.245811968775
2.245811968775
2.245811968775
2.245811968775
2.245811968775
2.245811968775
2.245811968775
2.249881342551
2.249881342551
2.249881342551
2.249881342551
2.249881342551
2.249881342551
2.249881342551
2.249902602839
2.249902602839
2.249902602839
2.249903075975
2.249903075975
2.249903075975
2.249903075975
2.249903075975
2.249979830919
2.249979830919
2.249979830919
2.249979830919
2.249979830919
2.249979830919
2.249979830919
2.249996263511
2.249996263511
2.249996263511
2.249996263511
2.249996386199
2.249996386199
2.249996386199
2.249996393799
2.249996393799
2.249996393799

Valoare medie performanta
1.911369336635
2.00198308202575
2.069832770077
2.0891625292272
2.07806457299855
2.13012581877525
2.037685230659
2.03577101892115
2.062853840792751
2.1078298817572
2.08912432534635
2.041683862072
2.08707764443655
2.07598383530495
2.06243203117675
2.115187004421101
2.1795004619649
2.1833598220749
2.20194633586135
2.21332571575695
2.2041811856788
2.1752048511627
2.16896023843015
2.1873347703309
2.18585008741485
2.1840129869393
2.1053427966281
2.21833652892955
2.1243937168022
2.1767888898043
2.2253701927624
2.20918384911625
2.21090805656615
2.201902620218649
2.12633613330545
2.16090492507965
2.18978290774955
2.1528908324661
2.179411438620801
2.18934344183655
2.1332307182608
2.17939241980665
2.14631090574625
2.1706300433719
2.1935850418424
2.13340018839255
2.1902390741058
2.1976582948711
2.2094323339326
2.207765138443
